<?xml version="1.0" encoding="UTF-8"?>
<testng-results skipped="0" failed="0" ignored="0" total="1" passed="1">
  <reporter-output>
  </reporter-output>
  <suite name="Suite" duration-ms="37816" started-at="2020-07-12T02:01:00Z" finished-at="2020-07-12T02:01:38Z">
    <groups>
    </groups>
    <test name="Test" duration-ms="37816" started-at="2020-07-12T02:01:00Z" finished-at="2020-07-12T02:01:38Z">
      <class name="com.nava.testCases.ShowTestCase">
        <test-method status="PASS" signature="setup()[pri:0, instance:com.nava.testCases.ShowTestCase@1a38c59b]" name="setup" is-config="true" duration-ms="22636" started-at="2020-07-12T02:01:00Z" finished-at="2020-07-12T02:01:23Z">
          <reporter-output>
          </reporter-output>
        </test-method> <!-- setup -->
        <test-method status="PASS" signature="myTest()[pri:0, instance:com.nava.testCases.ShowTestCase@1a38c59b]" name="myTest" duration-ms="15143" started-at="2020-07-12T02:01:23Z" finished-at="2020-07-12T02:01:38Z">
          <reporter-output>
          </reporter-output>
        </test-method> <!-- myTest -->
      </class> <!-- com.nava.testCases.ShowTestCase -->
    </test> <!-- Test -->
  </suite> <!-- Suite -->
</testng-results>
