<?xml version="1.0" encoding="UTF-8"?>
<testng-results skipped="0" failed="0" ignored="0" total="1" passed="1">
  <reporter-output>
  </reporter-output>
  <suite name="Suite" duration-ms="35850" started-at="2020-07-12T02:14:33Z" finished-at="2020-07-12T02:15:09Z">
    <groups>
    </groups>
    <test name="Test" duration-ms="35850" started-at="2020-07-12T02:14:33Z" finished-at="2020-07-12T02:15:09Z">
      <class name="com.nava.testCases.ShowTestCase">
        <test-method status="PASS" signature="setup()[pri:0, instance:com.nava.testCases.ShowTestCase@1a38c59b]" name="setup" is-config="true" duration-ms="20959" started-at="2020-07-12T02:14:33Z" finished-at="2020-07-12T02:14:54Z">
          <reporter-output>
          </reporter-output>
        </test-method> <!-- setup -->
        <test-method status="PASS" signature="myTest()[pri:0, instance:com.nava.testCases.ShowTestCase@1a38c59b]" name="myTest" duration-ms="14842" started-at="2020-07-12T02:14:54Z" finished-at="2020-07-12T02:15:09Z">
          <reporter-output>
          </reporter-output>
        </test-method> <!-- myTest -->
      </class> <!-- com.nava.testCases.ShowTestCase -->
    </test> <!-- Test -->
  </suite> <!-- Suite -->
</testng-results>
