<?xml version="1.0" encoding="UTF-8"?>
<testng-results skipped="0" failed="0" ignored="0" total="1" passed="1">
  <reporter-output>
  </reporter-output>
  <suite name="Default suite" duration-ms="32952" started-at="2020-07-11T07:58:42 EDT" finished-at="2020-07-11T07:59:15 EDT">
    <groups>
    </groups>
    <test name="Default test" duration-ms="32952" started-at="2020-07-11T07:58:42 EDT" finished-at="2020-07-11T07:59:15 EDT">
      <class name="com.nava.testCases.ShowTestCase">
        <test-method status="PASS" signature="setup()[pri:0, instance:com.nava.testCases.ShowTestCase@3a883ce7]" name="setup" is-config="true" duration-ms="18563" started-at="2020-07-11T07:58:42 EDT" finished-at="2020-07-11T07:59:00 EDT">
          <reporter-output>
          </reporter-output>
        </test-method> <!-- setup -->
        <test-method status="PASS" signature="myTest()[pri:0, instance:com.nava.testCases.ShowTestCase@3a883ce7]" name="myTest" duration-ms="14338" started-at="2020-07-11T07:59:00 EDT" finished-at="2020-07-11T07:59:15 EDT">
          <reporter-output>
          </reporter-output>
        </test-method> <!-- myTest -->
      </class> <!-- com.nava.testCases.ShowTestCase -->
    </test> <!-- Default test -->
  </suite> <!-- Default suite -->
</testng-results>
